# JRE version: OpenJDK Runtime Environment Temurin-17.0.5+8 (17.0.5+8) (build 17.0.5+8)
# Java VM: OpenJDK 64-Bit Server VM Temurin-17.0.5+8 (17.0.5+8, mixed mode, emulated-client, tiered, compressed oops, compressed class ptrs, g1 gc, windows-amd64)
GC Precious Log:
 CPUs: 4 total, 4 available
 Memory: 8066M
 Large Page Support: Disabled
 NUMA Support: Disabled
 Compressed Oops: Enabled (32-bit)
 Heap Region Size: 1M
 Heap Min Capacity: 8M
 Heap Initial Capacity: 128M
 Heap Max Capacity: 1G
 Pre-touch: Disabled
 Parallel Workers: 4
 Concurrent Workers: 1
 Concurrent Refinement Workers: 4
 Periodic GC: Disabled
Heap:
 garbage-first heap   total 122880K, used 35748K [0x00000000c0000000, 0x0000000100000000)
  region size 1024K, 1 young (1024K), 0 survivors (0K)
 Metaspace       used 54169K, committed 54784K, reserved 1097728K
  class space    used 7464K, committed 7744K, reserved 1048576K
GC Heap History (20 events):
Event: 1967.895 GC heap before
{Heap before GC invocations=231 (full 160):
 garbage-first heap   total 122880K, used 35748K [0x00000000c0000000, 0x0000000100000000)
  region size 1024K, 1 young (1024K), 0 survivors (0K)
 Metaspace       used 54169K, committed 54784K, reserved 1097728K
  class space    used 7464K, committed 7744K, reserved 1048576K
}
Event: 1967.962 GC heap after
{Heap after GC invocations=232 (full 161):
 garbage-first heap   total 122880K, used 35748K [0x00000000c0000000, 0x0000000100000000)
  region size 1024K, 0 young (0K), 0 survivors (0K)
 Metaspace       used 54169K, committed 54784K, reserved 1097728K
  class space    used 7464K, committed 7744K, reserved 1048576K
}
Event: 1978.323 GC heap before
{Heap before GC invocations=232 (full 161):
 garbage-first heap   total 122880K, used 35748K [0x00000000c0000000, 0x0000000100000000)
  region size 1024K, 1 young (1024K), 0 survivors (0K)
 Metaspace       used 54169K, committed 54784K, reserved 1097728K
  class space    used 7464K, committed 7744K, reserved 1048576K
}
Event: 1978.373 GC heap after
{Heap after GC invocations=233 (full 162):
 garbage-first heap   total 122880K, used 35748K [0x00000000c0000000, 0x0000000100000000)
  region size 1024K, 0 young (0K), 0 survivors (0K)
 Metaspace       used 54169K, committed 54784K, reserved 1097728K
  class space    used 7464K, committed 7744K, reserved 1048576K
}
Event: 1988.717 GC heap before
{Heap before GC invocations=233 (full 162):
 garbage-first heap   total 122880K, used 35748K [0x00000000c0000000, 0x0000000100000000)
  region size 1024K, 1 young (1024K), 0 survivors (0K)
 Metaspace       used 54169K, committed 54784K, reserved 1097728K
  class space    used 7464K, committed 7744K, reserved 1048576K
}
Event: 1988.768 GC heap after
{Heap after GC invocations=234 (full 163):
 garbage-first heap   total 122880K, used 35748K [0x00000000c0000000, 0x0000000100000000)
  region size 1024K, 0 young (0K), 0 survivors (0K)
 Metaspace       used 54169K, committed 54784K, reserved 1097728K
  class space    used 7464K, committed 7744K, reserved 1048576K
}
Event: 1999.232 GC heap before
{Heap before GC invocations=234 (full 163):
 garbage-first heap   total 122880K, used 35748K [0x00000000c0000000, 0x0000000100000000)
  region size 1024K, 1 young (1024K), 0 survivors (0K)
 Metaspace       used 54169K, committed 54784K, reserved 1097728K
  class space    used 7464K, committed 7744K, reserved 1048576K
}
Event: 1999.342 GC heap after
{Heap after GC invocations=235 (full 164):
 garbage-first heap   total 122880K, used 35748K [0x00000000c0000000, 0x0000000100000000)
  region size 1024K, 0 young (0K), 0 survivors (0K)
 Metaspace       used 54169K, committed 54784K, reserved 1097728K
  class space    used 7464K, committed 7744K, reserved 1048576K
}
Event: 2009.738 GC heap before
{Heap before GC invocations=235 (full 164):
 garbage-first heap   total 122880K, used 35748K [0x00000000c0000000, 0x0000000100000000)
  region size 1024K, 1 young (1024K), 0 survivors (0K)
 Metaspace       used 54169K, committed 54784K, reserved 1097728K
  class space    used 7464K, committed 7744K, reserved 1048576K
}
Event: 2009.818 GC heap after
{Heap after GC invocations=236 (full 165):
 garbage-first heap   total 122880K, used 35748K [0x00000000c0000000, 0x0000000100000000)
  region size 1024K, 0 young (0K), 0 survivors (0K)
 Metaspace       used 54169K, committed 54784K, reserved 1097728K
  class space    used 7464K, committed 7744K, reserved 1048576K
}
Event: 2020.194 GC heap before
{Heap before GC invocations=236 (full 165):
 garbage-first heap   total 122880K, used 35748K [0x00000000c0000000, 0x0000000100000000)
  region size 1024K, 1 young (1024K), 0 survivors (0K)
 Metaspace       used 54169K, committed 54784K, reserved 1097728K
  class space    used 7464K, committed 7744K, reserved 1048576K
}
Event: 2020.257 GC heap after
{Heap after GC invocations=237 (full 166):
 garbage-first heap   total 122880K, used 35748K [0x00000000c0000000, 0x0000000100000000)
  region size 1024K, 0 young (0K), 0 survivors (0K)
 Metaspace       used 54169K, committed 54784K, reserved 1097728K
  class space    used 7464K, committed 7744K, reserved 1048576K
}
Event: 2030.641 GC heap before
{Heap before GC invocations=237 (full 166):
 garbage-first heap   total 122880K, used 35748K [0x00000000c0000000, 0x0000000100000000)
  region size 1024K, 1 young (1024K), 0 survivors (0K)
 Metaspace       used 54169K, committed 54784K, reserved 1097728K
  class space    used 7464K, committed 7744K, reserved 1048576K
}
Event: 2030.713 GC heap after
{Heap after GC invocations=238 (full 167):
 garbage-first heap   total 122880K, used 35748K [0x00000000c0000000, 0x0000000100000000)
  region size 1024K, 0 young (0K), 0 survivors (0K)
 Metaspace       used 54169K, committed 54784K, reserved 1097728K
  class space    used 7464K, committed 7744K, reserved 1048576K
}
Event: 2040.945 GC heap before
{Heap before GC invocations=238 (full 167):
 garbage-first heap   total 122880K, used 35748K [0x00000000c0000000, 0x0000000100000000)
  region size 1024K, 1 young (1024K), 0 survivors (0K)
 Metaspace       used 54169K, committed 54784K, reserved 1097728K
  class space    used 7464K, committed 7744K, reserved 1048576K
}
Event: 2041.020 GC heap after
{Heap after GC invocations=239 (full 168):
 garbage-first heap   total 122880K, used 35748K [0x00000000c0000000, 0x0000000100000000)
  region size 1024K, 0 young (0K), 0 survivors (0K)
 Metaspace       used 54169K, committed 54784K, reserved 1097728K
  class space    used 7464K, committed 7744K, reserved 1048576K
}
Event: 2051.489 GC heap before
{Heap before GC invocations=239 (full 168):
 garbage-first heap   total 122880K, used 35748K [0x00000000c0000000, 0x0000000100000000)
  region size 1024K, 1 young (1024K), 0 survivors (0K)
 Metaspace       used 54169K, committed 54784K, reserved 1097728K
  class space    used 7464K, committed 7744K, reserved 1048576K
}
Event: 2051.571 GC heap after
{Heap after GC invocations=240 (full 169):
 garbage-first heap   total 122880K, used 35748K [0x00000000c0000000, 0x0000000100000000)
  region size 1024K, 0 young (0K), 0 survivors (0K)
 Metaspace       used 54169K, committed 54784K, reserved 1097728K
  class space    used 7464K, committed 7744K, reserved 1048576K
}
Event: 2061.939 GC heap before
{Heap before GC invocations=240 (full 169):
 garbage-first heap   total 122880K, used 35748K [0x00000000c0000000, 0x0000000100000000)
  region size 1024K, 1 young (1024K), 0 survivors (0K)
 Metaspace       used 54169K, committed 54784K, reserved 1097728K
  class space    used 7464K, committed 7744K, reserved 1048576K
}
Event: 2062.021 GC heap after
{Heap after GC invocations=241 (full 170):
 garbage-first heap   total 122880K, used 35748K [0x00000000c0000000, 0x0000000100000000)
  region size 1024K, 0 young (0K), 0 survivors (0K)
 Metaspace       used 54169K, committed 54784K, reserved 1097728K
  class space    used 7464K, committed 7744K, reserved 1048576K
}

